<?xml version="1.0" encoding="UTF-8"?>
<!-- Generated by org.testng.reporters.JUnitXMLReporter -->
<testsuite hostname="ROMC02MJ20LFD58.sea.corp.expecn.com" name="Surefire test" tests="1" failures="1" timestamp="15 Jun 2017 23:30:42 GMT" time="0.791" errors="0">
  <testcase name="dummyApiTestMethod" time="0.774" classname="com.mycompany.wiremock.integrated.sample.DummiAPITestIT">
    <failure type="org.junit.ComparisonFailure" message="expected:&amp;lt;Hello, I am a happy []!&amp;gt; but was:&amp;lt;Hello, I am a happy [mock]!&amp;gt;">
      <![CDATA[org.junit.ComparisonFailure: expected:<Hello, I am a happy []!> but was:<Hello, I am a happy [mock]!>
	at org.junit.Assert.assertEquals(Assert.java:115)
	at org.junit.Assert.assertEquals(Assert.java:144)
	at com.mycompany.wiremock.integrated.sample.DummiAPITestIT.dummyApiTestMethod(DummiAPITestIT.java:46)
... Removed 28 stack frames]]>
    </failure>
  </testcase> <!-- dummyApiTestMethod -->
</testsuite> <!-- Surefire test -->
