<?xml version="1.0" encoding="UTF-8"?>
<testsuite name="com.mycompany.wiremock.integrated.sample.DummiAPITestIT" time="0.781" tests="1" errors="0" skipped="0" failures="1">
  <properties>
[...]
</properties>
  <testcase name="dummyApiTestMethod" classname="com.mycompany.wiremock.integrated.sample.DummiAPITestIT" time="0.781">
    <failure message="expected:&lt;Hello, I am a happy []!&gt; but was:&lt;Hello, I am a happy [mock]!&gt;" type="org.junit.ComparisonFailure"><![CDATA[org.junit.ComparisonFailure: expected:<Hello, I am a happy []!> but was:<Hello, I am a happy [mock]!>
	at org.junit.Assert.assertEquals(Assert.java:115)
	at org.junit.Assert.assertEquals(Assert.java:144)
	at com.mycompany.wiremock.integrated.sample.DummiAPITestIT.dummyApiTestMethod(DummiAPITestIT.java:46)
]]></failure>
    <system-out><![CDATA[Configuring TestNG with: TestNG652Configurator
Port is <<<<<<<: 8089
Body is: Hello, I am a happy mock!status code is 200
]]></system-out>
    <system-err><![CDATA[SLF4J: Failed to load class "org.slf4j.impl.StaticLoggerBinder".
SLF4J: Defaulting to no-operation (NOP) logger implementation
SLF4J: See http://www.slf4j.org/codes.html#StaticLoggerBinder for further details.
]]></system-err>
  </testcase>
</testsuite>